*WEATHER MODULE DAILY OUTPUT FILE

*DSSAT Cropping System Model Ver. 4.8.2.000 -release  DEC 14, 2025 20:34:40

*RUN   1        : No N                      WHAPS048 HWOC2501    1
 MODEL          : WHAPS048 - Wheat
 EXPERIMENT     : HWOC2501 WH
 DATA PATH      : C:/DSSAT48/Wheat/
 TREATMENT  1   : No N                      WHAPS048
  
@YEAR DOY   DAS   PRED  DAYLD   TWLD   SRAD   PARD   CLDD   TMXD   TMND   TAVD   TDYD   TDWD   TGAD   TGRD   WDSD   CO2D   VPDF    VPD  OZON7   WDATE
 2024 296     1    1.2   10.0   11.4    3.8    7.6   0.68   17.8    8.6   12.8   14.3    8.6   12.8   14.3   86.4  420.5   0.00   0.00 -99.00 2024296
 2024 297     2    1.1   10.0   11.3    5.8   11.6   0.50   11.6    7.3    9.2   10.1    7.3    9.2   10.1   86.4  420.5   0.00   0.00 -99.00 2024297
 2024 298     3    0.4    9.9   11.3    4.1    8.2   0.64   13.2    7.8   10.2   11.3    7.8   10.2   11.3   86.4  420.5   0.00   0.00 -99.00 2024298
 2024 299     4    0.1    9.9   11.2    5.2   10.4   0.53   14.4    8.5   11.2   12.4    8.5   11.2   12.4   86.4  420.5   0.00   0.00 -99.00 2024299
 2024 300     5    0.2    9.8   11.2    5.8   11.6   0.47   13.6    7.9   10.5   11.6    7.9   10.5   11.6   86.4  420.5   0.00   0.00 -99.00 2024300
 2024 301     6    0.1    9.8   11.1    3.5    7.0   0.68   15.3    7.9   11.2   12.7    7.9   11.2   12.7   86.4  420.5   0.00   0.00 -99.00 2024301
 2024 302     7    0.1    9.7   11.1    6.1   12.2   0.43   17.9    7.4   12.1   14.2    7.4   16.5   14.2   86.4  420.5   0.23   0.77 -99.00 2024302
 2024 303     8    0.1    9.6   11.0    7.0   14.0   0.33   18.3    8.3   12.8   14.8    8.3   16.9   14.8   86.4  420.5   0.23   0.76 -99.00 2024303
 2024 304     9    0.1    9.6   11.0    4.0    8.0   0.61   16.2    7.0   11.1   12.9    7.0   15.1   12.9   86.4  420.5   0.19   0.63 -99.00 2024304
 2024 305    10    0.2    9.5   10.9    3.2    6.4   0.68   13.2    7.0    9.8   11.0    7.0   12.5   11.0   86.4  420.5   0.12   0.39 -99.00 2024305
 2024 306    11    0.1    9.5   10.9    3.2    6.4   0.68   10.8    3.9    7.0    8.3    3.9   10.2    8.3   86.4  420.5   0.11   0.37 -99.00 2024306
 2024 307    12    0.3    9.4   10.8    4.1    8.2   0.58   10.1    4.9    7.2    8.2    4.9    9.6    8.2   86.4  420.5   0.08   0.28 -99.00 2024307
 2024 308    13    0.0    9.4   10.8    7.5   15.0   0.22   10.8    3.1    6.5    8.0    3.1   10.1    8.0   86.4  420.5   0.12   0.40 -99.00 2024308
 2024 309    14    0.0    9.3   10.7    6.7   13.4   0.29   11.0    1.4    5.7    7.5    1.4   10.2    7.5   86.4  420.5   0.14   0.48 -99.00 2024309
 2024 310    15    0.2    9.3   10.7    3.5    7.0   0.62    6.3    1.1    3.4    4.4    1.1    5.9    4.4   86.4  420.5   0.07   0.22 -99.00 2024310
 2024 311    16    0.4    9.2   10.6    2.4    4.8   0.74    9.2    5.1    6.9    7.7    5.1    8.8    7.7   86.4  420.5   0.06   0.21 -99.00 2024311
 2024 312    17    0.3    9.2   10.6    3.0    6.0   0.67    7.1    4.3    5.5    6.1    4.3    6.9    6.1   86.4  420.5   0.04   0.13 -99.00 2024312
 2024 313    18    0.3    9.1   10.5    2.9    5.8   0.67    6.5    2.8    4.4    5.1    2.8    6.2    5.1   86.4  420.5   0.05   0.17 -99.00 2024313
 2024 314    19    0.1    9.1   10.5    3.6    7.2   0.59    5.3    2.2    3.6    4.1    2.2    5.1    4.1   86.4  420.5   0.04   0.13 -99.00 2024314
 2024 315    20    0.1    9.0   10.4    2.5    5.0   0.71    8.1    0.6    3.9    5.3    0.6    7.5    5.3   86.4  420.5   0.10   0.33 -99.00 2024315
 2024 316    21    4.6    9.0   10.4    1.9    3.8   0.78    5.2   -0.1    2.2    3.2   -0.1    4.8    3.2   86.4  420.5   0.06   0.21 -99.00 2024316
 2024 317    22    1.5    8.9   10.3    3.6    7.2   0.57    5.5   -0.8    2.0    3.1   -0.8    5.1    3.1   86.4  420.5   0.07   0.25 -99.00 2024317
 2024 318    23    1.4    8.9   10.3    2.3    4.6   0.72    3.6   -1.8    0.6    1.6   -1.8    3.3    1.6   86.4  420.5   0.06   0.19 -99.00 2024318
 2024 319    24    0.8    8.8   10.3    2.8    5.6   0.65    4.1    1.5    2.6    3.1    1.5    3.9    3.1   86.4  420.5   0.03   0.10 -99.00 2024319
 2024 320    25    0.2    8.8   10.2    2.9    5.8   0.64    7.6    0.9    3.8    5.0    0.9    7.1    5.0   86.4  420.5   0.09   0.29 -99.00 2024320
 2024 321    26    0.1    8.8   10.2    4.7    9.4   0.40    7.1   -1.6    2.2    3.8   -1.6    6.5    3.8   86.4  420.5   0.10   0.35 -99.00 2024321
 2024 322    27    2.0    8.7   10.1    2.2    4.4   0.72    5.8   -0.2    2.4    3.5   -0.2    5.4    3.5   86.4  420.5   0.07   0.24 -99.00 2024322
 2024 323    28    8.7    8.7   10.1    2.1    4.2   0.72    5.6    2.7    4.0    4.5    2.7    5.4    4.5   86.4  420.5   0.04   0.13 -99.00 2024323
 2024 324    29    9.1    8.6   10.1    2.3    4.6   0.69    9.7    4.4    6.7    7.6    4.4    9.2    7.6   86.4  420.5   0.08   0.28 -99.00 2024324
 2024 325    30    5.1    8.6   10.0    3.0    6.0   0.60    5.6   -0.8    2.0    3.1   -0.8    5.2    3.1   86.4  420.5   0.08   0.25 -99.00 2024325
 2024 326    31    1.1    8.6   10.0    2.9    5.8   0.60    1.5   -2.2   -0.6    0.1   -2.2    1.3    0.1   86.4  420.5   0.04   0.12 -99.00 2024326
 2024 327    32    1.3    8.5   10.0    3.8    7.6   0.47    1.1   -4.5   -2.1   -1.1   -4.5    0.8   -1.1   86.4  420.5   0.05   0.17 -99.00 2024327
 2024 328    33    0.2    8.5    9.9    4.2    8.4   0.41    3.3   -0.8    1.0    1.7   -0.8    3.0    1.7   86.4  420.5   0.04   0.15 -99.00 2024328
 2024 329    34    0.0    8.5    9.9    3.7    7.4   0.47   10.8    1.6    5.6    7.2    1.6   10.0    7.2   86.4  420.5   0.14   0.46 -99.00 2024329
 2024 330    35    0.5    8.4    9.9    4.4    8.8   0.37   11.7    2.1    6.2    7.9    2.1   10.8    7.9   86.4  420.5   0.15   0.50 -99.00 2024330
 2024 331    36    5.0    8.4    9.8    3.1    6.2   0.55    9.8    3.0    5.9    7.1    3.0    9.2    7.1   86.4  420.5   0.10   0.34 -99.00 2024331
 2024 332    37    0.7    8.4    9.8    4.2    8.4   0.38    8.8    2.8    5.4    6.4    2.8    8.3    6.4   86.4  420.5   0.09   0.29 -99.00 2024332
 2024 333    38    5.2    8.3    9.8    3.0    6.0   0.55    8.5    1.6    4.6    5.7    1.6    8.0    5.7   86.4  420.5   0.10   0.32 -99.00 2024333
 2024 334    39    0.1    8.3    9.8    2.9    5.8   0.56    5.6   -2.4    1.0    2.4   -2.4    5.1    2.4   86.4  420.5   0.09   0.30 -99.00 2024334
 2024 335    40    0.0    8.3    9.7    5.7   11.4   0.13    5.2   -2.8    0.6    2.0   -2.8    4.7    2.0   86.4  420.5   0.09   0.29 -99.00 2024335
 2024 336    41    0.1    8.2    9.7    3.9    7.8   0.40    1.3   -3.8   -1.6   -0.8   -3.8    1.0   -0.8   86.4  420.5   0.05   0.16 -99.00 2024336
 2024 337    42    5.8    8.2    9.7    2.0    4.0   0.69    5.8   -3.3    0.6    2.1   -3.3    5.2    2.1   86.4  420.5   0.10   0.33 -99.00 2024337
 2024 338    43    3.3    8.2    9.7    2.2    4.4   0.66    5.8    1.4    3.3    4.0    1.4    5.5    4.0   86.4  420.5   0.06   0.18 -99.00 2024338
 2024 339    44    0.5    8.2    9.6    3.2    6.4   0.49    3.7   -2.6    0.1    1.1   -2.6    3.3    1.1   86.4  420.5   0.07   0.22 -99.00 2024339
 2024 340    45    0.5    8.1    9.6    4.2    8.4   0.33    3.0   -2.8   -0.3    0.6   -2.8    2.7    0.6   86.4  420.5   0.06   0.20 -99.00 2024340
 2024 341    46   10.3    8.1    9.6    1.7    3.4   0.73    6.4    2.2    4.0    4.7    2.2    6.1    4.7   86.4  420.5   0.06   0.18 -99.00 2024341
 2024 342    47    2.4    8.1    9.6    1.5    3.0   0.76    4.8    0.4    2.3    3.0    0.4    4.5    3.0   86.4  420.5   0.05   0.17 -99.00 2024342
 2024 343    48    1.6    8.1    9.6    2.5    5.0   0.59    4.7   -1.1    1.4    2.3   -1.1    4.3    2.3   86.4  420.5   0.07   0.22 -99.00 2024343
 2024 344    49    0.4    8.1    9.5    1.3    2.6   0.79    2.5   -0.6    0.7    1.2   -0.6    2.3    1.2   86.4  420.5   0.03   0.11 -99.00 2024344
 2024 345    50    0.3    8.0    9.5    1.9    3.8   0.69    2.5   -1.9   -0.0    0.7   -1.9    2.3    0.7   86.4  420.5   0.04   0.15 -99.00 2024345
 2024 346    51    0.1    8.0    9.5    1.4    2.8   0.77    2.8   -2.3   -0.1    0.7   -2.3    2.5    0.7   86.4  420.5   0.05   0.17 -99.00 2024346
 2024 347    52    0.0    8.0    9.5    1.9    3.8   0.68    2.1   -2.7   -0.7    0.1   -2.7    1.8    0.1   86.4  420.5   0.05   0.16 -99.00 2024347
 2024 348    53    0.2    8.0    9.5    1.9    3.8   0.68    0.8   -2.3   -1.0   -0.5   -2.3    0.6   -0.5   86.4  420.5   0.03   0.10 -99.00 2024348
 2024 349    54    0.1    8.0    9.5    2.7    5.4   0.55    2.6   -2.8   -0.5    0.4   -2.8    2.3    0.4   86.4  420.5   0.05   0.18 -99.00 2024349
 2024 350    55    0.9    8.0    9.5    1.7    3.4   0.71    2.5   -1.2    0.4    1.1   -1.2    2.3    1.1   86.4  420.5   0.04   0.13 -99.00 2024350
 2024 351    56    0.5    8.0    9.5    1.8    3.6   0.70    6.2    2.0    3.8    4.6    2.0    5.9    4.6   86.4  420.5   0.05   0.18 -99.00 2024351
 2024 352    57    0.1    8.0    9.5    2.0    4.0   0.66    6.0    2.7    4.1    4.7    2.7    5.8    4.7   86.4  420.5   0.04   0.14 -99.00 2024352
 2024 353    58    0.0    8.0    9.5    2.4    4.8   0.59    9.5    0.3    4.2    5.9    0.3    8.8    5.9   86.4  420.5   0.13   0.42 -99.00 2024353
 2024 354    59    4.5    8.0    9.5    2.1    4.2   0.64   10.4    2.5    5.9    7.3    2.5    9.7    7.3   86.4  420.5   0.12   0.40 -99.00 2024354
 2024 355    60    0.9    8.0    9.4    2.4    4.8   0.59    3.4   -2.6   -0.0    1.1   -2.6    3.1    1.1   86.4  420.5   0.06   0.21 -99.00 2024355
 2024 356    61    2.0    8.0    9.4    2.0    4.0   0.66    3.8   -1.8    0.6    1.6   -1.8    3.5    1.6   86.4  420.5   0.06   0.20 -99.00 2024356
 2024 357    62    7.9    8.0    9.4    1.3    2.6   0.78    5.5   -0.9    1.8    3.0   -0.9    5.1    3.0   86.4  420.5   0.07   0.25 -99.00 2024357
 2024 358    63    0.6    8.0    9.4    2.1    4.2   0.64    2.2   -1.6    0.0    0.7   -1.6    2.0    0.7   86.4  420.5   0.04   0.13 -99.00 2024358
 2024 359    64    0.4    8.0    9.5    2.5    5.0   0.58    2.8   -0.5    0.9    1.5   -0.5    2.6    1.5   86.4  420.5   0.04   0.12 -99.00 2024359
 2024 360    65    0.0    8.0    9.5    4.2    8.4   0.29    4.2   -3.0    0.1    1.4   -3.0    3.8    1.4   86.4  420.5   0.08   0.25 -99.00 2024360
 2024 361    66    0.0    8.0    9.5    4.8    9.6   0.19    1.9   -3.3   -1.1   -0.2   -3.3    1.6   -0.2   86.4  420.5   0.05   0.17 -99.00 2024361
 2024 362    67    0.0    8.0    9.5    4.5    9.0   0.25    1.7   -4.0   -1.6   -0.7   -4.0    1.4   -0.7   86.4  420.5   0.05   0.18 -99.00 2024362
 2024 363    68    0.0    8.0    9.5    2.9    5.8   0.52    2.0   -3.4   -1.1   -0.2   -3.4    1.7   -0.2   86.4  420.5   0.05   0.17 -99.00 2024363
 2024 364    69    0.1    8.0    9.5    2.2    4.4   0.64    1.2   -3.8   -1.7   -0.9   -3.8    1.0   -0.9   86.4  420.5   0.05   0.15 -99.00 2024364
 2024 365    70    0.1    8.0    9.5    3.9    7.8   0.36   -0.7   -4.8   -3.1   -2.4   -4.8   -0.9   -2.4   86.4  420.5   0.03   0.11 -99.00 2024365
 2024 366    71    0.0    8.1    9.5    3.1    6.2   0.49    1.7   -6.0   -2.7   -1.5   -6.0    1.3   -1.5   86.4  420.5   0.07   0.23 -99.00 2024366
 2025 001    72    0.0    8.1    9.5    3.1    6.2   0.49    1.7   -6.0   -2.7   -1.5   -6.0    1.3   -1.5   86.4  420.5   0.07   0.23 -99.00 2025001

*DSSAT Cropping System Model Ver. 4.8.2.000 -release  DEC 14, 2025 20:34:40

*RUN   2        : 147 kg[N]/ha - broadcast  WHAPS048 HWOC2501    3
 MODEL          : WHAPS048 - Wheat
 EXPERIMENT     : HWOC2501 WH
 DATA PATH      : C:/DSSAT48/Wheat/
 TREATMENT  3   : 147 kg[N]/ha - broadcast  WHAPS048
  
@YEAR DOY   DAS   PRED  DAYLD   TWLD   SRAD   PARD   CLDD   TMXD   TMND   TAVD   TDYD   TDWD   TGAD   TGRD   WDSD   CO2D   VPDF    VPD  OZON7   WDATE
 2024 296     1    1.2   10.0   11.4    3.8    7.6   0.68   17.8    8.6   12.8   14.3    8.6   12.8   14.3   86.4  420.5   0.07   0.23 -99.00 2024296
 2024 297     2    1.1   10.0   11.3    5.8   11.6   0.50   11.6    7.3    9.2   10.1    7.3    9.2   10.1   86.4  420.5   0.07   0.23 -99.00 2024297
 2024 298     3    0.4    9.9   11.3    4.1    8.2   0.64   13.2    7.8   10.2   11.3    7.8   10.2   11.3   86.4  420.5   0.07   0.23 -99.00 2024298
 2024 299     4    0.1    9.9   11.2    5.2   10.4   0.53   14.4    8.5   11.2   12.4    8.5   11.2   12.4   86.4  420.5   0.07   0.23 -99.00 2024299
 2024 300     5    0.2    9.8   11.2    5.8   11.6   0.47   13.6    7.9   10.5   11.6    7.9   10.5   11.6   86.4  420.5   0.07   0.23 -99.00 2024300
 2024 301     6    0.1    9.8   11.1    3.5    7.0   0.68   15.3    7.9   11.2   12.7    7.9   11.2   12.7   86.4  420.5   0.07   0.23 -99.00 2024301
 2024 302     7    0.1    9.7   11.1    6.1   12.2   0.43   17.9    7.4   12.1   14.2    7.4   16.5   14.2   86.4  420.5   0.23   0.77 -99.00 2024302
 2024 303     8    0.1    9.6   11.0    7.0   14.0   0.33   18.3    8.3   12.8   14.8    8.3   16.9   14.8   86.4  420.5   0.23   0.76 -99.00 2024303
 2024 304     9    0.1    9.6   11.0    4.0    8.0   0.61   16.2    7.0   11.1   12.9    7.0   15.1   12.9   86.4  420.5   0.19   0.63 -99.00 2024304
 2024 305    10    0.2    9.5   10.9    3.2    6.4   0.68   13.2    7.0    9.8   11.0    7.0   12.5   11.0   86.4  420.5   0.12   0.39 -99.00 2024305
 2024 306    11    0.1    9.5   10.9    3.2    6.4   0.68   10.8    3.9    7.0    8.3    3.9   10.2    8.3   86.4  420.5   0.11   0.37 -99.00 2024306
 2024 307    12    0.3    9.4   10.8    4.1    8.2   0.58   10.1    4.9    7.2    8.2    4.9    9.6    8.2   86.4  420.5   0.08   0.28 -99.00 2024307
 2024 308    13    0.0    9.4   10.8    7.5   15.0   0.22   10.8    3.1    6.5    8.0    3.1   10.1    8.0   86.4  420.5   0.12   0.40 -99.00 2024308
 2024 309    14    0.0    9.3   10.7    6.7   13.4   0.29   11.0    1.4    5.7    7.5    1.4   10.2    7.5   86.4  420.5   0.14   0.48 -99.00 2024309
 2024 310    15    0.2    9.3   10.7    3.5    7.0   0.62    6.3    1.1    3.4    4.4    1.1    5.9    4.4   86.4  420.5   0.07   0.22 -99.00 2024310
 2024 311    16    0.4    9.2   10.6    2.4    4.8   0.74    9.2    5.1    6.9    7.7    5.1    8.8    7.7   86.4  420.5   0.06   0.21 -99.00 2024311
 2024 312    17    0.3    9.2   10.6    3.0    6.0   0.67    7.1    4.3    5.5    6.1    4.3    6.9    6.1   86.4  420.5   0.04   0.13 -99.00 2024312
 2024 313    18    0.3    9.1   10.5    2.9    5.8   0.67    6.5    2.8    4.4    5.1    2.8    6.2    5.1   86.4  420.5   0.05   0.17 -99.00 2024313
 2024 314    19    0.1    9.1   10.5    3.6    7.2   0.59    5.3    2.2    3.6    4.1    2.2    5.1    4.1   86.4  420.5   0.04   0.13 -99.00 2024314
 2024 315    20    0.1    9.0   10.4    2.5    5.0   0.71    8.1    0.6    3.9    5.3    0.6    7.5    5.3   86.4  420.5   0.10   0.33 -99.00 2024315
 2024 316    21    4.6    9.0   10.4    1.9    3.8   0.78    5.2   -0.1    2.2    3.2   -0.1    4.8    3.2   86.4  420.5   0.06   0.21 -99.00 2024316
 2024 317    22    1.5    8.9   10.3    3.6    7.2   0.57    5.5   -0.8    2.0    3.1   -0.8    5.1    3.1   86.4  420.5   0.07   0.25 -99.00 2024317
 2024 318    23    1.4    8.9   10.3    2.3    4.6   0.72    3.6   -1.8    0.6    1.6   -1.8    3.3    1.6   86.4  420.5   0.06   0.19 -99.00 2024318
 2024 319    24    0.8    8.8   10.3    2.8    5.6   0.65    4.1    1.5    2.6    3.1    1.5    3.9    3.1   86.4  420.5   0.03   0.10 -99.00 2024319
 2024 320    25    0.2    8.8   10.2    2.9    5.8   0.64    7.6    0.9    3.8    5.0    0.9    7.1    5.0   86.4  420.5   0.09   0.29 -99.00 2024320
 2024 321    26    0.1    8.8   10.2    4.7    9.4   0.40    7.1   -1.6    2.2    3.8   -1.6    6.5    3.8   86.4  420.5   0.10   0.35 -99.00 2024321
 2024 322    27    2.0    8.7   10.1    2.2    4.4   0.72    5.8   -0.2    2.4    3.5   -0.2    5.4    3.5   86.4  420.5   0.07   0.24 -99.00 2024322
 2024 323    28    8.7    8.7   10.1    2.1    4.2   0.72    5.6    2.7    4.0    4.5    2.7    5.4    4.5   86.4  420.5   0.04   0.13 -99.00 2024323
 2024 324    29    9.1    8.6   10.1    2.3    4.6   0.69    9.7    4.4    6.7    7.6    4.4    9.2    7.6   86.4  420.5   0.08   0.28 -99.00 2024324
 2024 325    30    5.1    8.6   10.0    3.0    6.0   0.60    5.6   -0.8    2.0    3.1   -0.8    5.2    3.1   86.4  420.5   0.08   0.25 -99.00 2024325
 2024 326    31    1.1    8.6   10.0    2.9    5.8   0.60    1.5   -2.2   -0.6    0.1   -2.2    1.3    0.1   86.4  420.5   0.04   0.12 -99.00 2024326
 2024 327    32    1.3    8.5   10.0    3.8    7.6   0.47    1.1   -4.5   -2.1   -1.1   -4.5    0.8   -1.1   86.4  420.5   0.05   0.17 -99.00 2024327
 2024 328    33    0.2    8.5    9.9    4.2    8.4   0.41    3.3   -0.8    1.0    1.7   -0.8    3.0    1.7   86.4  420.5   0.04   0.15 -99.00 2024328
 2024 329    34    0.0    8.5    9.9    3.7    7.4   0.47   10.8    1.6    5.6    7.2    1.6   10.0    7.2   86.4  420.5   0.14   0.46 -99.00 2024329
 2024 330    35    0.5    8.4    9.9    4.4    8.8   0.37   11.7    2.1    6.2    7.9    2.1   10.8    7.9   86.4  420.5   0.15   0.50 -99.00 2024330
 2024 331    36    5.0    8.4    9.8    3.1    6.2   0.55    9.8    3.0    5.9    7.1    3.0    9.2    7.1   86.4  420.5   0.10   0.34 -99.00 2024331
 2024 332    37    0.7    8.4    9.8    4.2    8.4   0.38    8.8    2.8    5.4    6.4    2.8    8.3    6.4   86.4  420.5   0.09   0.29 -99.00 2024332
 2024 333    38    5.2    8.3    9.8    3.0    6.0   0.55    8.5    1.6    4.6    5.7    1.6    8.0    5.7   86.4  420.5   0.10   0.32 -99.00 2024333
 2024 334    39    0.1    8.3    9.8    2.9    5.8   0.56    5.6   -2.4    1.0    2.4   -2.4    5.1    2.4   86.4  420.5   0.09   0.30 -99.00 2024334
 2024 335    40    0.0    8.3    9.7    5.7   11.4   0.13    5.2   -2.8    0.6    2.0   -2.8    4.7    2.0   86.4  420.5   0.09   0.29 -99.00 2024335
 2024 336    41    0.1    8.2    9.7    3.9    7.8   0.40    1.3   -3.8   -1.6   -0.8   -3.8    1.0   -0.8   86.4  420.5   0.05   0.16 -99.00 2024336
 2024 337    42    5.8    8.2    9.7    2.0    4.0   0.69    5.8   -3.3    0.6    2.1   -3.3    5.2    2.1   86.4  420.5   0.10   0.33 -99.00 2024337
 2024 338    43    3.3    8.2    9.7    2.2    4.4   0.66    5.8    1.4    3.3    4.0    1.4    5.5    4.0   86.4  420.5   0.06   0.18 -99.00 2024338
 2024 339    44    0.5    8.2    9.6    3.2    6.4   0.49    3.7   -2.6    0.1    1.1   -2.6    3.3    1.1   86.4  420.5   0.07   0.22 -99.00 2024339
 2024 340    45    0.5    8.1    9.6    4.2    8.4   0.33    3.0   -2.8   -0.3    0.6   -2.8    2.7    0.6   86.4  420.5   0.06   0.20 -99.00 2024340
 2024 341    46   10.3    8.1    9.6    1.7    3.4   0.73    6.4    2.2    4.0    4.7    2.2    6.1    4.7   86.4  420.5   0.06   0.18 -99.00 2024341
 2024 342    47    2.4    8.1    9.6    1.5    3.0   0.76    4.8    0.4    2.3    3.0    0.4    4.5    3.0   86.4  420.5   0.05   0.17 -99.00 2024342
 2024 343    48    1.6    8.1    9.6    2.5    5.0   0.59    4.7   -1.1    1.4    2.3   -1.1    4.3    2.3   86.4  420.5   0.07   0.22 -99.00 2024343
 2024 344    49    0.4    8.1    9.5    1.3    2.6   0.79    2.5   -0.6    0.7    1.2   -0.6    2.3    1.2   86.4  420.5   0.03   0.11 -99.00 2024344
 2024 345    50    0.3    8.0    9.5    1.9    3.8   0.69    2.5   -1.9   -0.0    0.7   -1.9    2.3    0.7   86.4  420.5   0.04   0.15 -99.00 2024345
 2024 346    51    0.1    8.0    9.5    1.4    2.8   0.77    2.8   -2.3   -0.1    0.7   -2.3    2.5    0.7   86.4  420.5   0.05   0.17 -99.00 2024346
 2024 347    52    0.0    8.0    9.5    1.9    3.8   0.68    2.1   -2.7   -0.7    0.1   -2.7    1.8    0.1   86.4  420.5   0.05   0.16 -99.00 2024347
 2024 348    53    0.2    8.0    9.5    1.9    3.8   0.68    0.8   -2.3   -1.0   -0.5   -2.3    0.6   -0.5   86.4  420.5   0.03   0.10 -99.00 2024348
 2024 349    54    0.1    8.0    9.5    2.7    5.4   0.55    2.6   -2.8   -0.5    0.4   -2.8    2.3    0.4   86.4  420.5   0.05   0.18 -99.00 2024349
 2024 350    55    0.9    8.0    9.5    1.7    3.4   0.71    2.5   -1.2    0.4    1.1   -1.2    2.3    1.1   86.4  420.5   0.04   0.13 -99.00 2024350
 2024 351    56    0.5    8.0    9.5    1.8    3.6   0.70    6.2    2.0    3.8    4.6    2.0    5.9    4.6   86.4  420.5   0.05   0.18 -99.00 2024351
 2024 352    57    0.1    8.0    9.5    2.0    4.0   0.66    6.0    2.7    4.1    4.7    2.7    5.8    4.7   86.4  420.5   0.04   0.14 -99.00 2024352
 2024 353    58    0.0    8.0    9.5    2.4    4.8   0.59    9.5    0.3    4.2    5.9    0.3    8.8    5.9   86.4  420.5   0.13   0.42 -99.00 2024353
 2024 354    59    4.5    8.0    9.5    2.1    4.2   0.64   10.4    2.5    5.9    7.3    2.5    9.7    7.3   86.4  420.5   0.12   0.40 -99.00 2024354
 2024 355    60    0.9    8.0    9.4    2.4    4.8   0.59    3.4   -2.6   -0.0    1.1   -2.6    3.1    1.1   86.4  420.5   0.06   0.21 -99.00 2024355
 2024 356    61    2.0    8.0    9.4    2.0    4.0   0.66    3.8   -1.8    0.6    1.6   -1.8    3.5    1.6   86.4  420.5   0.06   0.20 -99.00 2024356
 2024 357    62    7.9    8.0    9.4    1.3    2.6   0.78    5.5   -0.9    1.8    3.0   -0.9    5.1    3.0   86.4  420.5   0.07   0.25 -99.00 2024357
 2024 358    63    0.6    8.0    9.4    2.1    4.2   0.64    2.2   -1.6    0.0    0.7   -1.6    2.0    0.7   86.4  420.5   0.04   0.13 -99.00 2024358
 2024 359    64    0.4    8.0    9.5    2.5    5.0   0.58    2.8   -0.5    0.9    1.5   -0.5    2.6    1.5   86.4  420.5   0.04   0.12 -99.00 2024359
 2024 360    65    0.0    8.0    9.5    4.2    8.4   0.29    4.2   -3.0    0.1    1.4   -3.0    3.8    1.4   86.4  420.5   0.08   0.25 -99.00 2024360
 2024 361    66    0.0    8.0    9.5    4.8    9.6   0.19    1.9   -3.3   -1.1   -0.2   -3.3    1.6   -0.2   86.4  420.5   0.05   0.17 -99.00 2024361
 2024 362    67    0.0    8.0    9.5    4.5    9.0   0.25    1.7   -4.0   -1.6   -0.7   -4.0    1.4   -0.7   86.4  420.5   0.05   0.18 -99.00 2024362
 2024 363    68    0.0    8.0    9.5    2.9    5.8   0.52    2.0   -3.4   -1.1   -0.2   -3.4    1.7   -0.2   86.4  420.5   0.05   0.17 -99.00 2024363
 2024 364    69    0.1    8.0    9.5    2.2    4.4   0.64    1.2   -3.8   -1.7   -0.9   -3.8    1.0   -0.9   86.4  420.5   0.05   0.15 -99.00 2024364
 2024 365    70    0.1    8.0    9.5    3.9    7.8   0.36   -0.7   -4.8   -3.1   -2.4   -4.8   -0.9   -2.4   86.4  420.5   0.03   0.11 -99.00 2024365
 2024 366    71    0.0    8.1    9.5    3.1    6.2   0.49    1.7   -6.0   -2.7   -1.5   -6.0    1.3   -1.5   86.4  420.5   0.07   0.23 -99.00 2024366
 2025 001    72    0.0    8.1    9.5    3.1    6.2   0.49    1.7   -6.0   -2.7   -1.5   -6.0    1.3   -1.5   86.4  420.5   0.07   0.23 -99.00 2025001

*DSSAT Cropping System Model Ver. 4.8.2.000 -release  DEC 14, 2025 20:34:40

*RUN   3        : 180 kg[N]/ha - broadcast  WHAPS048 HWOC2501    7
 MODEL          : WHAPS048 - Wheat
 EXPERIMENT     : HWOC2501 WH
 DATA PATH      : C:/DSSAT48/Wheat/
 TREATMENT  7   : 180 kg[N]/ha - broadcast  WHAPS048
  
@YEAR DOY   DAS   PRED  DAYLD   TWLD   SRAD   PARD   CLDD   TMXD   TMND   TAVD   TDYD   TDWD   TGAD   TGRD   WDSD   CO2D   VPDF    VPD  OZON7   WDATE
 2024 296     1    1.2   10.0   11.4    3.8    7.6   0.68   17.8    8.6   12.8   14.3    8.6   12.8   14.3   86.4  420.5   0.07   0.23 -99.00 2024296
 2024 297     2    1.1   10.0   11.3    5.8   11.6   0.50   11.6    7.3    9.2   10.1    7.3    9.2   10.1   86.4  420.5   0.07   0.23 -99.00 2024297
 2024 298     3    0.4    9.9   11.3    4.1    8.2   0.64   13.2    7.8   10.2   11.3    7.8   10.2   11.3   86.4  420.5   0.07   0.23 -99.00 2024298
 2024 299     4    0.1    9.9   11.2    5.2   10.4   0.53   14.4    8.5   11.2   12.4    8.5   11.2   12.4   86.4  420.5   0.07   0.23 -99.00 2024299
 2024 300     5    0.2    9.8   11.2    5.8   11.6   0.47   13.6    7.9   10.5   11.6    7.9   10.5   11.6   86.4  420.5   0.07   0.23 -99.00 2024300
 2024 301     6    0.1    9.8   11.1    3.5    7.0   0.68   15.3    7.9   11.2   12.7    7.9   11.2   12.7   86.4  420.5   0.07   0.23 -99.00 2024301
 2024 302     7    0.1    9.7   11.1    6.1   12.2   0.43   17.9    7.4   12.1   14.2    7.4   16.5   14.2   86.4  420.5   0.23   0.77 -99.00 2024302
 2024 303     8    0.1    9.6   11.0    7.0   14.0   0.33   18.3    8.3   12.8   14.8    8.3   16.9   14.8   86.4  420.5   0.23   0.76 -99.00 2024303
 2024 304     9    0.1    9.6   11.0    4.0    8.0   0.61   16.2    7.0   11.1   12.9    7.0   15.1   12.9   86.4  420.5   0.19   0.63 -99.00 2024304
 2024 305    10    0.2    9.5   10.9    3.2    6.4   0.68   13.2    7.0    9.8   11.0    7.0   12.5   11.0   86.4  420.5   0.12   0.39 -99.00 2024305
 2024 306    11    0.1    9.5   10.9    3.2    6.4   0.68   10.8    3.9    7.0    8.3    3.9   10.2    8.3   86.4  420.5   0.11   0.37 -99.00 2024306
 2024 307    12    0.3    9.4   10.8    4.1    8.2   0.58   10.1    4.9    7.2    8.2    4.9    9.6    8.2   86.4  420.5   0.08   0.28 -99.00 2024307
 2024 308    13    0.0    9.4   10.8    7.5   15.0   0.22   10.8    3.1    6.5    8.0    3.1   10.1    8.0   86.4  420.5   0.12   0.40 -99.00 2024308
 2024 309    14    0.0    9.3   10.7    6.7   13.4   0.29   11.0    1.4    5.7    7.5    1.4   10.2    7.5   86.4  420.5   0.14   0.48 -99.00 2024309
 2024 310    15    0.2    9.3   10.7    3.5    7.0   0.62    6.3    1.1    3.4    4.4    1.1    5.9    4.4   86.4  420.5   0.07   0.22 -99.00 2024310
 2024 311    16    0.4    9.2   10.6    2.4    4.8   0.74    9.2    5.1    6.9    7.7    5.1    8.8    7.7   86.4  420.5   0.06   0.21 -99.00 2024311
 2024 312    17    0.3    9.2   10.6    3.0    6.0   0.67    7.1    4.3    5.5    6.1    4.3    6.9    6.1   86.4  420.5   0.04   0.13 -99.00 2024312
 2024 313    18    0.3    9.1   10.5    2.9    5.8   0.67    6.5    2.8    4.4    5.1    2.8    6.2    5.1   86.4  420.5   0.05   0.17 -99.00 2024313
 2024 314    19    0.1    9.1   10.5    3.6    7.2   0.59    5.3    2.2    3.6    4.1    2.2    5.1    4.1   86.4  420.5   0.04   0.13 -99.00 2024314
 2024 315    20    0.1    9.0   10.4    2.5    5.0   0.71    8.1    0.6    3.9    5.3    0.6    7.5    5.3   86.4  420.5   0.10   0.33 -99.00 2024315
 2024 316    21    4.6    9.0   10.4    1.9    3.8   0.78    5.2   -0.1    2.2    3.2   -0.1    4.8    3.2   86.4  420.5   0.06   0.21 -99.00 2024316
 2024 317    22    1.5    8.9   10.3    3.6    7.2   0.57    5.5   -0.8    2.0    3.1   -0.8    5.1    3.1   86.4  420.5   0.07   0.25 -99.00 2024317
 2024 318    23    1.4    8.9   10.3    2.3    4.6   0.72    3.6   -1.8    0.6    1.6   -1.8    3.3    1.6   86.4  420.5   0.06   0.19 -99.00 2024318
 2024 319    24    0.8    8.8   10.3    2.8    5.6   0.65    4.1    1.5    2.6    3.1    1.5    3.9    3.1   86.4  420.5   0.03   0.10 -99.00 2024319
 2024 320    25    0.2    8.8   10.2    2.9    5.8   0.64    7.6    0.9    3.8    5.0    0.9    7.1    5.0   86.4  420.5   0.09   0.29 -99.00 2024320
 2024 321    26    0.1    8.8   10.2    4.7    9.4   0.40    7.1   -1.6    2.2    3.8   -1.6    6.5    3.8   86.4  420.5   0.10   0.35 -99.00 2024321
 2024 322    27    2.0    8.7   10.1    2.2    4.4   0.72    5.8   -0.2    2.4    3.5   -0.2    5.4    3.5   86.4  420.5   0.07   0.24 -99.00 2024322
 2024 323    28    8.7    8.7   10.1    2.1    4.2   0.72    5.6    2.7    4.0    4.5    2.7    5.4    4.5   86.4  420.5   0.04   0.13 -99.00 2024323
 2024 324    29    9.1    8.6   10.1    2.3    4.6   0.69    9.7    4.4    6.7    7.6    4.4    9.2    7.6   86.4  420.5   0.08   0.28 -99.00 2024324
 2024 325    30    5.1    8.6   10.0    3.0    6.0   0.60    5.6   -0.8    2.0    3.1   -0.8    5.2    3.1   86.4  420.5   0.08   0.25 -99.00 2024325
 2024 326    31    1.1    8.6   10.0    2.9    5.8   0.60    1.5   -2.2   -0.6    0.1   -2.2    1.3    0.1   86.4  420.5   0.04   0.12 -99.00 2024326
 2024 327    32    1.3    8.5   10.0    3.8    7.6   0.47    1.1   -4.5   -2.1   -1.1   -4.5    0.8   -1.1   86.4  420.5   0.05   0.17 -99.00 2024327
 2024 328    33    0.2    8.5    9.9    4.2    8.4   0.41    3.3   -0.8    1.0    1.7   -0.8    3.0    1.7   86.4  420.5   0.04   0.15 -99.00 2024328
 2024 329    34    0.0    8.5    9.9    3.7    7.4   0.47   10.8    1.6    5.6    7.2    1.6   10.0    7.2   86.4  420.5   0.14   0.46 -99.00 2024329
 2024 330    35    0.5    8.4    9.9    4.4    8.8   0.37   11.7    2.1    6.2    7.9    2.1   10.8    7.9   86.4  420.5   0.15   0.50 -99.00 2024330
 2024 331    36    5.0    8.4    9.8    3.1    6.2   0.55    9.8    3.0    5.9    7.1    3.0    9.2    7.1   86.4  420.5   0.10   0.34 -99.00 2024331
 2024 332    37    0.7    8.4    9.8    4.2    8.4   0.38    8.8    2.8    5.4    6.4    2.8    8.3    6.4   86.4  420.5   0.09   0.29 -99.00 2024332
 2024 333    38    5.2    8.3    9.8    3.0    6.0   0.55    8.5    1.6    4.6    5.7    1.6    8.0    5.7   86.4  420.5   0.10   0.32 -99.00 2024333
 2024 334    39    0.1    8.3    9.8    2.9    5.8   0.56    5.6   -2.4    1.0    2.4   -2.4    5.1    2.4   86.4  420.5   0.09   0.30 -99.00 2024334
 2024 335    40    0.0    8.3    9.7    5.7   11.4   0.13    5.2   -2.8    0.6    2.0   -2.8    4.7    2.0   86.4  420.5   0.09   0.29 -99.00 2024335
 2024 336    41    0.1    8.2    9.7    3.9    7.8   0.40    1.3   -3.8   -1.6   -0.8   -3.8    1.0   -0.8   86.4  420.5   0.05   0.16 -99.00 2024336
 2024 337    42    5.8    8.2    9.7    2.0    4.0   0.69    5.8   -3.3    0.6    2.1   -3.3    5.2    2.1   86.4  420.5   0.10   0.33 -99.00 2024337
 2024 338    43    3.3    8.2    9.7    2.2    4.4   0.66    5.8    1.4    3.3    4.0    1.4    5.5    4.0   86.4  420.5   0.06   0.18 -99.00 2024338
 2024 339    44    0.5    8.2    9.6    3.2    6.4   0.49    3.7   -2.6    0.1    1.1   -2.6    3.3    1.1   86.4  420.5   0.07   0.22 -99.00 2024339
 2024 340    45    0.5    8.1    9.6    4.2    8.4   0.33    3.0   -2.8   -0.3    0.6   -2.8    2.7    0.6   86.4  420.5   0.06   0.20 -99.00 2024340
 2024 341    46   10.3    8.1    9.6    1.7    3.4   0.73    6.4    2.2    4.0    4.7    2.2    6.1    4.7   86.4  420.5   0.06   0.18 -99.00 2024341
 2024 342    47    2.4    8.1    9.6    1.5    3.0   0.76    4.8    0.4    2.3    3.0    0.4    4.5    3.0   86.4  420.5   0.05   0.17 -99.00 2024342
 2024 343    48    1.6    8.1    9.6    2.5    5.0   0.59    4.7   -1.1    1.4    2.3   -1.1    4.3    2.3   86.4  420.5   0.07   0.22 -99.00 2024343
 2024 344    49    0.4    8.1    9.5    1.3    2.6   0.79    2.5   -0.6    0.7    1.2   -0.6    2.3    1.2   86.4  420.5   0.03   0.11 -99.00 2024344
 2024 345    50    0.3    8.0    9.5    1.9    3.8   0.69    2.5   -1.9   -0.0    0.7   -1.9    2.3    0.7   86.4  420.5   0.04   0.15 -99.00 2024345
 2024 346    51    0.1    8.0    9.5    1.4    2.8   0.77    2.8   -2.3   -0.1    0.7   -2.3    2.5    0.7   86.4  420.5   0.05   0.17 -99.00 2024346
 2024 347    52    0.0    8.0    9.5    1.9    3.8   0.68    2.1   -2.7   -0.7    0.1   -2.7    1.8    0.1   86.4  420.5   0.05   0.16 -99.00 2024347
 2024 348    53    0.2    8.0    9.5    1.9    3.8   0.68    0.8   -2.3   -1.0   -0.5   -2.3    0.6   -0.5   86.4  420.5   0.03   0.10 -99.00 2024348
 2024 349    54    0.1    8.0    9.5    2.7    5.4   0.55    2.6   -2.8   -0.5    0.4   -2.8    2.3    0.4   86.4  420.5   0.05   0.18 -99.00 2024349
 2024 350    55    0.9    8.0    9.5    1.7    3.4   0.71    2.5   -1.2    0.4    1.1   -1.2    2.3    1.1   86.4  420.5   0.04   0.13 -99.00 2024350
 2024 351    56    0.5    8.0    9.5    1.8    3.6   0.70    6.2    2.0    3.8    4.6    2.0    5.9    4.6   86.4  420.5   0.05   0.18 -99.00 2024351
 2024 352    57    0.1    8.0    9.5    2.0    4.0   0.66    6.0    2.7    4.1    4.7    2.7    5.8    4.7   86.4  420.5   0.04   0.14 -99.00 2024352
 2024 353    58    0.0    8.0    9.5    2.4    4.8   0.59    9.5    0.3    4.2    5.9    0.3    8.8    5.9   86.4  420.5   0.13   0.42 -99.00 2024353
 2024 354    59    4.5    8.0    9.5    2.1    4.2   0.64   10.4    2.5    5.9    7.3    2.5    9.7    7.3   86.4  420.5   0.12   0.40 -99.00 2024354
 2024 355    60    0.9    8.0    9.4    2.4    4.8   0.59    3.4   -2.6   -0.0    1.1   -2.6    3.1    1.1   86.4  420.5   0.06   0.21 -99.00 2024355
 2024 356    61    2.0    8.0    9.4    2.0    4.0   0.66    3.8   -1.8    0.6    1.6   -1.8    3.5    1.6   86.4  420.5   0.06   0.20 -99.00 2024356
 2024 357    62    7.9    8.0    9.4    1.3    2.6   0.78    5.5   -0.9    1.8    3.0   -0.9    5.1    3.0   86.4  420.5   0.07   0.25 -99.00 2024357
 2024 358    63    0.6    8.0    9.4    2.1    4.2   0.64    2.2   -1.6    0.0    0.7   -1.6    2.0    0.7   86.4  420.5   0.04   0.13 -99.00 2024358
 2024 359    64    0.4    8.0    9.5    2.5    5.0   0.58    2.8   -0.5    0.9    1.5   -0.5    2.6    1.5   86.4  420.5   0.04   0.12 -99.00 2024359
 2024 360    65    0.0    8.0    9.5    4.2    8.4   0.29    4.2   -3.0    0.1    1.4   -3.0    3.8    1.4   86.4  420.5   0.08   0.25 -99.00 2024360
 2024 361    66    0.0    8.0    9.5    4.8    9.6   0.19    1.9   -3.3   -1.1   -0.2   -3.3    1.6   -0.2   86.4  420.5   0.05   0.17 -99.00 2024361
 2024 362    67    0.0    8.0    9.5    4.5    9.0   0.25    1.7   -4.0   -1.6   -0.7   -4.0    1.4   -0.7   86.4  420.5   0.05   0.18 -99.00 2024362
 2024 363    68    0.0    8.0    9.5    2.9    5.8   0.52    2.0   -3.4   -1.1   -0.2   -3.4    1.7   -0.2   86.4  420.5   0.05   0.17 -99.00 2024363
 2024 364    69    0.1    8.0    9.5    2.2    4.4   0.64    1.2   -3.8   -1.7   -0.9   -3.8    1.0   -0.9   86.4  420.5   0.05   0.15 -99.00 2024364
 2024 365    70    0.1    8.0    9.5    3.9    7.8   0.36   -0.7   -4.8   -3.1   -2.4   -4.8   -0.9   -2.4   86.4  420.5   0.03   0.11 -99.00 2024365
 2024 366    71    0.0    8.1    9.5    3.1    6.2   0.49    1.7   -6.0   -2.7   -1.5   -6.0    1.3   -1.5   86.4  420.5   0.07   0.23 -99.00 2024366
 2025 001    72    0.0    8.1    9.5    3.1    6.2   0.49    1.7   -6.0   -2.7   -1.5   -6.0    1.3   -1.5   86.4  420.5   0.07   0.23 -99.00 2025001
